<?xml version="1.0" encoding="UTF-8"?>
<testng-results skipped="0" failed="0" ignored="0" total="1" passed="1">
  <reporter-output>
  </reporter-output>
  <suite name="Default suite" duration-ms="21952" started-at="2017-06-12T09:09:26Z" finished-at="2017-06-12T09:09:48Z">
    <groups>
    </groups>
    <test name="Default test" duration-ms="21952" started-at="2017-06-12T09:09:26Z" finished-at="2017-06-12T09:09:48Z">
      <class name="NewTest">
        <test-method status="PASS" signature="calc()[pri:0, instance:NewTest@73846619]" name="calc" is-config="true" duration-ms="17224" started-at="2017-06-12T17:09:26Z" finished-at="2017-06-12T17:09:43Z">
          <reporter-output>
          </reporter-output>
        </test-method> <!-- calc -->
        <test-method status="PASS" signature="f()[pri:0, instance:NewTest@73846619]" name="f" duration-ms="4665" started-at="2017-06-12T17:09:43Z" finished-at="2017-06-12T17:09:48Z">
          <reporter-output>
          </reporter-output>
        </test-method> <!-- f -->
        <test-method status="PASS" signature="afterMethod()[pri:0, instance:NewTest@73846619]" name="afterMethod" is-config="true" duration-ms="0" started-at="2017-06-12T17:09:48Z" finished-at="2017-06-12T17:09:48Z">
          <reporter-output>
          </reporter-output>
        </test-method> <!-- afterMethod -->
      </class> <!-- NewTest -->
    </test> <!-- Default test -->
  </suite> <!-- Default suite -->
</testng-results>
